<?xml version="1.0" encoding="UTF-8"?>
<!-- Generated by org.testng.reporters.JUnitReportReporter -->
<testsuite hostname="DESKTOP-CLQ3I97" failures="0" tests="1" name="LD.LD_Create_Course" time="147.397" errors="0" timestamp="2023-10-13T16:07:43 IST" skipped="0">
  <testcase classname="LD.LD_Create_Course" name="Create_LD_New_Course" time="147.397"/>
  <system-out/>
</testsuite> <!-- LD.LD_Create_Course -->
