<?xml version="1.0" encoding="UTF-8"?>
<!-- Generated by org.testng.reporters.JUnitReportReporter -->
<testsuite hostname="DESKTOP-CLQ3I97" failures="0" tests="3" name="LD.LD_Create_Topic" time="141.534" errors="0" timestamp="2023-10-13T20:15:33 IST" skipped="0">
  <testcase classname="LD.LD_Create_Topic" name="Create_LD_New_Topic_Video" time="48.069"/>
  <system-out/>
  <testcase classname="LD.LD_Create_Topic" name="Create_LD_New_Topic_Assignment" time="48.321"/>
  <system-out/>
  <testcase classname="LD.LD_Create_Topic" name="Create_LD_New_Topic_Timer" time="45.144"/>
  <system-out/>
</testsuite> <!-- LD.LD_Create_Topic -->
