<?xml version="1.0" encoding="UTF-8"?>
<!-- Generated by org.testng.reporters.JUnitReportReporter -->
<testsuite hostname="DESKTOP-CLQ3I97" failures="0" tests="3" name="LD.LD_Create_Lesson" time="221.273" errors="0" timestamp="2023-10-13T18:10:44 IST" skipped="0">
  <testcase classname="LD.LD_Create_Lesson" name="Create_LD_New_Lesson_Video_Progression" time="77.747"/>
  <system-out/>
  <testcase classname="LD.LD_Create_Lesson" name="Create_LD_New_Lesson_Assignment_Upload" time="73.955"/>
  <system-out/>
  <testcase classname="LD.LD_Create_Lesson" name="Create_LD_New_Lesson_Timer" time="69.571"/>
  <system-out/>
</testsuite> <!-- LD.LD_Create_Lesson -->
